[ 2023-09-06 05:33:49,475 ] 26 root - INFO - Data Ingestion Starts
[ 2023-09-06 05:33:49,518 ] 29 root - INFO - Pandas DataFrame is read
[ 2023-09-06 05:33:49,698 ] 32 root - INFO - Train Test Split
[ 2023-09-06 05:33:49,877 ] 41 root - INFO - Data Ingestion Is Completed
[ 2023-09-06 05:33:49,878 ] 72 root - INFO - Reading the csv files
[ 2023-09-06 05:33:49,917 ] 76 root - INFO - Read train and test data completed
[ 2023-09-06 05:33:49,925 ] 77 root - INFO - Train DataFrame Head : 
    Unnamed: 0  carat        cut color clarity  depth  table     x     y     z  price
0       19245   0.25  Very Good     F     VS1   61.2   59.0  4.02  4.05  2.47    435
1       26808   1.63       Good     F     SI1   59.8   56.0  7.57  7.64  4.55  13187
2        3364   1.03       Good     G     SI1   63.2   58.0  6.38  6.43  4.05   4679
3       16409   0.72      Ideal     E     SI2   61.9   55.0  5.76  5.78  3.57   2398
4       26359   0.61      Ideal     G    VVS2   62.4   53.8  5.42  5.45  3.39   2331
[ 2023-09-06 05:33:49,929 ] 78 root - INFO - Test DataFrame Head : 
    Unnamed: 0  carat        cut color clarity  depth  table     x     y     z  price
0        9948   0.31    Premium     E    VVS2   60.5   57.0  4.41  4.39  2.66    837
1       12384   0.35    Premium     F     VS1   60.5   58.0  4.59  4.57  2.77    984
2        9644   1.01    Premium     F     VS2   61.7   58.0  6.42  6.48  3.98   6416
3        6848   1.24  Very Good     G     SI1   61.8   59.0  6.85  6.88  4.24   6438
4       22546   0.53    Premium     D     VS2   60.2   58.0  5.23  5.26  3.16   1808
[ 2023-09-06 05:33:49,930 ] 80 root - INFO - Obtaining preprocessor info
[ 2023-09-06 05:33:49,930 ] 37 root - INFO - Pipeline Initiated
[ 2023-09-06 05:33:49,930 ] 64 root - INFO - Pipeline Completed
[ 2023-09-06 05:33:50,005 ] 19 root - INFO - A pickled file has been created
[ 2023-09-06 05:33:50,006 ] 108 root - INFO - Pickle file saved
[ 2023-09-06 05:33:50,017 ] 42 root - INFO - Model Report: {'Linear_Regression': 0.8622960054148416} 
[ 2023-09-06 05:33:50,017 ] 49 root - INFO - The best model score is 0.8622960054148416 and the best model name is Linear_Regression
[ 2023-09-06 05:33:50,018 ] 19 root - INFO - A pickled file has been created
