[ 2023-09-03 08:59:49,599 ] 26 root - INFO - Data Ingestion Starts
[ 2023-09-03 08:59:49,635 ] 29 root - INFO - Pandas DataFrame is read
[ 2023-09-03 08:59:49,829 ] 32 root - INFO - Train Test Split
[ 2023-09-03 08:59:50,001 ] 41 root - INFO - Data Ingestion Is Completed
[ 2023-09-03 08:59:50,002 ] 72 root - INFO - Reading the csv files
[ 2023-09-03 08:59:50,038 ] 76 root - INFO - Read train and test data completed
[ 2023-09-03 08:59:50,044 ] 77 root - INFO - Train DataFrame Head : 
    Unnamed: 0  carat        cut color clarity  depth  table     x     y     z  price
0        3023   1.06    Premium     J     SI2   62.9   59.0  6.43  6.39  4.03   3391
1        1075   0.38  Very Good     D    VVS2   63.8   57.0  4.57  4.61  2.93   1030
2       17237   0.90    Premium     H     VS1   63.0   59.0  6.13  6.10  3.85   4064
3        2577   0.50  Very Good     G    VVS2   62.2   61.0  5.07  5.09  3.16   1715
4        7166   1.12    Premium     E     SI2   63.0   61.0  6.66  6.61  4.18   4215
[ 2023-09-03 08:59:50,048 ] 78 root - INFO - Test DataFrame Head : 
    Unnamed: 0  carat        cut color clarity  depth  table     x     y     z  price
0       18529   0.31      Ideal     E    VVS2   61.7   56.0  4.36  4.33  2.68   1046
1       25272   0.72      Ideal     E     SI2   61.4   55.0  5.78  5.80  3.56   2526
2        4366   0.90      Ideal     F     SI2   61.9   57.0  6.13  6.18  3.81   4593
3         533   0.90  Very Good     D     SI1   62.7   56.0  6.12  6.16  3.85   4381
4       13732   0.54    Premium     E     VS1   60.3   58.0  5.26  5.32  3.19   1939
[ 2023-09-03 08:59:50,048 ] 80 root - INFO - Obtaining preprocessor info
[ 2023-09-03 08:59:50,048 ] 37 root - INFO - Pipeline Initiated
[ 2023-09-03 08:59:50,048 ] 64 root - INFO - Pipeline Completed
[ 2023-09-03 08:59:50,123 ] 19 root - INFO - A pickled file has been created
[ 2023-09-03 08:59:50,123 ] 108 root - INFO - Pickle file saved
[ 2023-09-03 08:59:50,133 ] 36 root - INFO - Error happened at the evaluate_model function
