[ 2023-09-06 20:05:53,670 ] 26 root - INFO - Data Ingestion Starts
[ 2023-09-06 20:05:53,710 ] 29 root - INFO - Pandas DataFrame is read
[ 2023-09-06 20:05:54,161 ] 32 root - INFO - Train Test Split
[ 2023-09-06 20:05:54,670 ] 41 root - INFO - Data Ingestion Is Completed
[ 2023-09-06 20:05:54,672 ] 72 root - INFO - Reading the csv files
[ 2023-09-06 20:05:54,847 ] 76 root - INFO - Read train and test data completed
[ 2023-09-06 20:05:54,887 ] 77 root - INFO - Train DataFrame Head : 
    Unnamed: 0  carat        cut color clarity  depth  table     x     y     z  price
0       15620   1.34  Very Good     J     VS1   61.7   59.0  7.03  7.14  4.37   6237
1       12378   2.00    Premium     G     SI2   60.4   61.0  8.21  8.12  4.93  17136
2        6539   1.01      Ideal     F     SI1   63.0   57.0  6.39  6.34  4.01   4559
3       21626   0.91  Very Good     E     SI2   62.9   56.0  6.14  6.17  3.87   3763
4       20857   1.01    Premium     H     SI1   62.4   60.0  6.36  6.33  3.96   4836
[ 2023-09-06 20:05:54,906 ] 78 root - INFO - Test DataFrame Head : 
    Unnamed: 0  carat      cut color clarity  depth  table     x     y     z  price
0       25044   0.32    Ideal     G     VS1   61.2   57.0  4.40  4.43  2.70    645
1       25926   2.01    Ideal     H     SI2   62.5   53.9  8.04  8.07  5.04  14998
2       19765   2.38  Premium     H     VS1   60.9   59.0  8.62  8.59  5.24  18522
3       17825   0.63  Premium     E      IF   60.3   62.0  5.55  5.53  3.34   2879
4       20515   1.34    Ideal     I     VS1   62.2   57.0  7.02  7.06  4.38   7016
[ 2023-09-06 20:05:54,907 ] 80 root - INFO - Obtaining preprocessor info
[ 2023-09-06 20:05:54,907 ] 37 root - INFO - Pipeline Initiated
[ 2023-09-06 20:05:54,907 ] 64 root - INFO - Pipeline Completed
[ 2023-09-06 20:05:55,121 ] 19 root - INFO - A pickled file has been created
[ 2023-09-06 20:05:55,121 ] 108 root - INFO - Pickle file saved
[ 2023-09-06 20:05:55,140 ] 42 root - INFO - Model Report: {'Linear_Regression': 0.9083554044011508} 
[ 2023-09-06 20:05:55,141 ] 49 root - INFO - The best model score is 0.9083554044011508 and the best model name is Linear_Regression
[ 2023-09-06 20:05:55,142 ] 19 root - INFO - A pickled file has been created
