[ 2023-09-02 19:35:32,885 ] 26 root - INFO - Data Ingestion Starts
[ 2023-09-02 19:35:32,926 ] 29 root - INFO - Pandas DataFrame is read
[ 2023-09-02 19:35:33,110 ] 32 root - INFO - Train Test Split
[ 2023-09-02 19:35:33,294 ] 41 root - INFO - Data Ingestion Is Completed
[ 2023-09-02 19:35:33,296 ] 72 root - INFO - Reading the csv files
[ 2023-09-02 19:35:33,340 ] 76 root - INFO - Read train and test data completed
[ 2023-09-02 19:35:33,347 ] 77 root - INFO - Train DataFrame Head : 
    Unnamed: 0  carat      cut color clarity  depth  table     x     y     z  price
0       21514   1.51     Good     H     SI1   61.5   61.0  7.29  7.34  4.50  10277
1       14560   1.02  Premium     F     SI2   62.5   60.0  6.36  6.43  4.00   4459
2       21823   0.39     Good     J     VS1   63.5   58.0  4.59  4.64  2.93    616
3       23127   0.50     Good     F     SI1   59.6   58.0  5.10  5.16  3.06   1214
4       16722   0.66     Good     G     VS1   61.6   61.0  5.56  5.63  3.43   2139
[ 2023-09-02 19:35:33,351 ] 78 root - INFO - Test DataFrame Head : 
    Unnamed: 0  carat      cut color clarity  depth  table     x     y     z  price
0        9667   1.01  Premium     F     SI2   60.0   60.0  6.46  6.40  3.86   3717
1       12743   1.66    Ideal     E     SI2   62.7   56.0  7.45  7.63  4.73  10754
2       14803   1.01     Good     F     SI1   60.5   64.0  6.48  6.45  3.91   4989
3        5669   0.70    Ideal     I     VS2   61.4   56.0  5.72  5.75  3.52   2270
4        7791   0.60  Premium     E     SI1   61.9   58.0  5.43  5.39  3.35   1830
[ 2023-09-02 19:35:33,351 ] 80 root - INFO - Obtaining preprocessor info
[ 2023-09-02 19:35:33,352 ] 37 root - INFO - Pipeline Initiated
[ 2023-09-02 19:35:33,352 ] 64 root - INFO - Pipeline Completed
[ 2023-09-02 19:35:33,430 ] 19 root - INFO - A pickled file has been created
[ 2023-09-02 19:35:33,431 ] 108 root - INFO - Pickle file saved
[ 2023-09-02 19:35:33,442 ] 36 root - INFO - Error happened at the evaluate_model function
