[ 2023-09-02 19:51:04,587 ] 26 root - INFO - Data Ingestion Starts
[ 2023-09-02 19:51:04,640 ] 29 root - INFO - Pandas DataFrame is read
[ 2023-09-02 19:51:04,836 ] 32 root - INFO - Train Test Split
[ 2023-09-02 19:51:05,022 ] 41 root - INFO - Data Ingestion Is Completed
[ 2023-09-02 19:51:05,023 ] 72 root - INFO - Reading the csv files
[ 2023-09-02 19:51:05,064 ] 76 root - INFO - Read train and test data completed
[ 2023-09-02 19:51:05,070 ] 77 root - INFO - Train DataFrame Head : 
    Unnamed: 0  carat    cut color clarity  depth  table     x     y     z  price
0       20015   0.34  Ideal     H     VS1   62.5   57.0  4.43  4.46  2.78    596
1       14161   1.09  Ideal     G     SI2   61.2   57.0  6.63  6.68  4.07   4586
2        5132   0.33  Ideal     I    VVS2   62.4   57.0  4.41  4.44  2.76    579
3       24928   0.41  Ideal     J     VS1   62.4   55.0  4.75  4.77  2.97    648
4       11436   0.31  Ideal     F     VS2   61.9   54.0  4.35  4.38  2.70    625
[ 2023-09-02 19:51:05,075 ] 78 root - INFO - Test DataFrame Head : 
    Unnamed: 0  carat        cut color clarity  depth  table     x     y     z  price
0        4538   1.03      Ideal     I     SI2   62.2   57.0  6.50  6.46  4.03   3997
1       23698   0.32      Ideal     F     SI1   61.0   55.0  4.45  4.47  2.72    648
2        6400   0.30      Ideal     D     VS1   60.8   56.0  4.37  4.39  2.66    885
3       23935   0.70      Ideal     G     VS2   62.9   56.0  5.70  5.65  3.57   2375
4       11441   0.23  Very Good     E    VVS2   61.1   62.0  3.92  3.94  2.40    485
[ 2023-09-02 19:51:05,075 ] 80 root - INFO - Obtaining preprocessor info
[ 2023-09-02 19:51:05,075 ] 37 root - INFO - Pipeline Initiated
[ 2023-09-02 19:51:05,075 ] 64 root - INFO - Pipeline Completed
[ 2023-09-02 19:51:05,158 ] 19 root - INFO - A pickled file has been created
[ 2023-09-02 19:51:05,158 ] 108 root - INFO - Pickle file saved
[ 2023-09-02 19:51:05,169 ] 36 root - INFO - Error happened at the evaluate_model function
