[ 2023-09-06 19:46:02,567 ] 26 root - INFO - Data Ingestion Starts
[ 2023-09-06 19:46:02,606 ] 29 root - INFO - Pandas DataFrame is read
[ 2023-09-06 19:46:02,784 ] 32 root - INFO - Train Test Split
[ 2023-09-06 19:46:02,979 ] 41 root - INFO - Data Ingestion Is Completed
[ 2023-09-06 19:46:02,981 ] 72 root - INFO - Reading the csv files
[ 2023-09-06 19:46:03,026 ] 76 root - INFO - Read train and test data completed
[ 2023-09-06 19:46:03,032 ] 77 root - INFO - Train DataFrame Head : 
    Unnamed: 0  carat      cut color clarity  depth  table     x     y     z  price
0       26068   0.30  Premium     F     VS2   61.5   60.0  4.29  4.26  2.63    776
1         654   1.23  Premium     E     SI1   59.2   62.0  7.05  7.00  4.16   7274
2        6818   0.91     Good     I     SI2   60.2   59.0  6.24  6.29  3.77   3034
3       20255   0.40  Premium     F    VVS1   61.1   59.0  4.75  4.78  2.91   1263
4        3130   1.17    Ideal     J     SI1    NaN   55.0  6.74  6.77  4.21   4883
[ 2023-09-06 19:46:03,039 ] 78 root - INFO - Test DataFrame Head : 
    Unnamed: 0  carat      cut color clarity  depth  table     x     y     z  price
0        5781   0.70    Ideal     E    VVS2   62.6   54.0  5.65  5.70  3.55   3901
1        9205   0.70  Premium     G     VS2   61.8   60.0  5.67  5.63  3.49   2479
2        4651   0.75    Ideal     I     SI1   61.8   55.0  5.83  5.85  3.61   2871
3       15993   2.08    Ideal     J      IF   61.0   55.0  8.32  8.25  5.05  17986
4        3909   1.01     Good     J     SI1   58.8   57.0  6.57  6.63  3.88   3853
[ 2023-09-06 19:46:03,039 ] 80 root - INFO - Obtaining preprocessor info
[ 2023-09-06 19:46:03,039 ] 37 root - INFO - Pipeline Initiated
[ 2023-09-06 19:46:03,039 ] 64 root - INFO - Pipeline Completed
[ 2023-09-06 19:46:03,125 ] 19 root - INFO - A pickled file has been created
[ 2023-09-06 19:46:03,125 ] 108 root - INFO - Pickle file saved
[ 2023-09-06 19:46:03,135 ] 42 root - INFO - Model Report: {'Linear_Regression': 0.9053745191196333} 
[ 2023-09-06 19:46:03,136 ] 49 root - INFO - The best model score is 0.9053745191196333 and the best model name is Linear_Regression
[ 2023-09-06 19:46:03,136 ] 19 root - INFO - A pickled file has been created
