[ 2023-09-05 18:59:36,179 ] 160 numexpr.utils - INFO - NumExpr defaulting to 4 threads.
[ 2023-09-05 18:59:38,042 ] 26 root - INFO - Data Ingestion Starts
[ 2023-09-05 18:59:38,094 ] 29 root - INFO - Pandas DataFrame is read
[ 2023-09-05 18:59:38,312 ] 32 root - INFO - Train Test Split
[ 2023-09-05 18:59:38,553 ] 41 root - INFO - Data Ingestion Is Completed
[ 2023-09-05 18:59:38,554 ] 72 root - INFO - Reading the csv files
[ 2023-09-05 18:59:38,591 ] 76 root - INFO - Read train and test data completed
[ 2023-09-05 18:59:38,598 ] 77 root - INFO - Train DataFrame Head : 
    Unnamed: 0  carat        cut color clarity  depth  table     x     y     z  price
0        3831   0.72    Premium     D     SI2   62.0   60.0  5.73  5.69  3.54   2795
1       20705   0.25  Very Good     F    VVS2   59.3   59.0  4.15  4.18  2.47    548
2        6456   0.54      Ideal     E     SI2   60.6   57.0  5.28  5.25  3.19   1340
3       11453   0.37      Ideal     D     VS2   61.3   56.0  4.60  4.64  2.83    876
4        6679   0.57      Ideal     F     VS2   61.3   57.0  5.35  5.39  3.29   1612
[ 2023-09-05 18:59:38,603 ] 78 root - INFO - Test DataFrame Head : 
    Unnamed: 0  carat      cut color clarity  depth  table     x     y     z  price
0       12207   0.43    Ideal     H     SI1   61.9   55.0  4.84  4.88  3.01    783
1        4737   0.52  Premium     G     SI2   61.5   59.0  5.19  5.15  3.18   1196
2        6626   0.84     Fair     G     SI1   55.1   67.0  6.39  6.20  3.47   2782
3         263   1.09    Ideal     F    VVS2   62.5   55.0  6.60  6.52  4.10   9845
4        3438   1.10  Premium     F     SI1   59.5   59.0  6.77  6.70  4.01   5821
[ 2023-09-05 18:59:38,603 ] 80 root - INFO - Obtaining preprocessor info
[ 2023-09-05 18:59:38,603 ] 37 root - INFO - Pipeline Initiated
[ 2023-09-05 18:59:38,603 ] 64 root - INFO - Pipeline Completed
[ 2023-09-05 18:59:38,684 ] 19 root - INFO - A pickled file has been created
[ 2023-09-05 18:59:38,684 ] 108 root - INFO - Pickle file saved
[ 2023-09-05 18:59:38,700 ] 42 root - INFO - Model Report: {'Linear_Regression': 0.906046005652651} 
[ 2023-09-05 18:59:38,700 ] 49 root - INFO - The best model score is 0.906046005652651 and the best model name is Linear_Regression
[ 2023-09-05 18:59:38,701 ] 19 root - INFO - A pickled file has been created
