[ 2023-09-02 17:18:54,391 ] 26 root - INFO - Data Ingestion Starts
[ 2023-09-02 17:18:54,447 ] 29 root - INFO - Pandas DataFrame is read
[ 2023-09-02 17:18:54,643 ] 32 root - INFO - Train Test Split
[ 2023-09-02 17:18:54,828 ] 41 root - INFO - Data Ingestion Is Completed
[ 2023-09-02 17:18:54,829 ] 72 root - INFO - Reading the csv files
[ 2023-09-02 17:18:54,870 ] 76 root - INFO - Read train and test data completed
[ 2023-09-02 17:18:54,877 ] 77 root - INFO - Train DataFrame Head : 
    Unnamed: 0  carat      cut color clarity  depth  table     x     y     z  price
0       12919   0.30    Ideal     G     SI2   61.7   57.0  4.26  4.30  2.64    382
1        5342   0.90  Premium     G     VS2   60.8   56.0  6.19  6.14  3.75   4137
2       10457   1.11    Ideal     H     SI1   61.0   56.0  6.74  6.70  4.10   5315
3        7337   0.33    Ideal     H     VS2   60.7   55.0  4.48  4.51  2.73    551
4        3104   0.41    Ideal     J     VS1   62.2   54.5  4.75  4.76  2.96    674
[ 2023-09-02 17:18:54,882 ] 78 root - INFO - Test DataFrame Head : 
    Unnamed: 0  carat        cut color clarity  depth  table     x     y     z  price
0       20357   1.02    Premium     G     SI1   61.0   59.0  6.48  6.44  3.94   4718
1        7751   0.40  Very Good     E     VS1   60.5   61.0  4.72  4.74  2.86   1053
2       10845   1.11  Very Good     I     SI2   61.2   61.0  6.65  6.69  4.08   3956
3       14039   0.93    Premium     H     SI1   62.8   58.0  6.24  6.21  3.91   3646
4       16489   0.61      Ideal     D     SI1   62.1   55.0  5.42  5.43  3.37   1752
[ 2023-09-02 17:18:54,882 ] 80 root - INFO - Obtaining preprocessor info
[ 2023-09-02 17:18:54,882 ] 37 root - INFO - Pipeline Initiated
[ 2023-09-02 17:18:54,882 ] 64 root - INFO - Pipeline Completed
[ 2023-09-02 17:18:54,966 ] 19 root - INFO - A pickled file has been created
[ 2023-09-02 17:18:54,966 ] 108 root - INFO - Pickle file saved
[ 2023-09-02 17:18:54,978 ] 36 root - INFO - Error happened at the evaluate_model function
