[ 2023-09-03 00:19:22,470 ] 26 root - INFO - Data Ingestion Starts
[ 2023-09-03 00:19:22,554 ] 29 root - INFO - Pandas DataFrame is read
[ 2023-09-03 00:19:22,757 ] 32 root - INFO - Train Test Split
[ 2023-09-03 00:19:22,950 ] 41 root - INFO - Data Ingestion Is Completed
[ 2023-09-03 00:19:22,952 ] 72 root - INFO - Reading the csv files
[ 2023-09-03 00:19:22,997 ] 76 root - INFO - Read train and test data completed
[ 2023-09-03 00:19:23,005 ] 77 root - INFO - Train DataFrame Head : 
    Unnamed: 0  carat        cut color clarity  depth  table     x     y     z  price
0        6214   0.70       Good     G     VS2    NaN   59.0  5.51  5.55  3.53   2353
1        8411   0.54       Good     E     VS2   63.1   58.0  5.13  5.21  3.26   1637
2       20994   0.91    Premium     F     SI2   59.1   60.0  6.36  6.30  3.74   3845
3        4322   1.51      Ideal     F    VVS2   62.6   57.0  7.36  7.25  4.57  16754
4       11948   0.50  Very Good     E     SI2   62.4   57.0  5.03  5.07  3.15   1154
[ 2023-09-03 00:19:23,010 ] 78 root - INFO - Test DataFrame Head : 
    Unnamed: 0  carat        cut color clarity  depth  table     x     y     z  price
0        2783   1.20      Ideal     I      I1   61.9   56.0  6.82  6.85  4.23   3505
1       17255   1.19      Ideal     H      I1   61.5   57.0  6.79  6.83  4.19   3665
2        6592   0.29  Very Good     G    VVS1   62.0   55.0  4.27  4.29  2.65    607
3       11912   0.30  Very Good     J     VS1   62.7   59.0  4.24  4.28  2.67    394
4       21972   2.01  Very Good     I     SI1   60.3   59.0  8.14  8.21  4.93  15126
[ 2023-09-03 00:19:23,011 ] 80 root - INFO - Obtaining preprocessor info
[ 2023-09-03 00:19:23,011 ] 37 root - INFO - Pipeline Initiated
[ 2023-09-03 00:19:23,011 ] 64 root - INFO - Pipeline Completed
[ 2023-09-03 00:19:23,094 ] 19 root - INFO - A pickled file has been created
[ 2023-09-03 00:19:23,095 ] 108 root - INFO - Pickle file saved
[ 2023-09-03 00:19:23,107 ] 36 root - INFO - Error happened at the evaluate_model function
