[ 2023-09-03 07:46:50,331 ] 26 root - INFO - Data Ingestion Starts
[ 2023-09-03 07:46:50,371 ] 29 root - INFO - Pandas DataFrame is read
[ 2023-09-03 07:46:50,541 ] 32 root - INFO - Train Test Split
[ 2023-09-03 07:46:50,710 ] 41 root - INFO - Data Ingestion Is Completed
[ 2023-09-03 07:46:50,710 ] 72 root - INFO - Reading the csv files
[ 2023-09-03 07:46:50,744 ] 76 root - INFO - Read train and test data completed
[ 2023-09-03 07:46:50,751 ] 77 root - INFO - Train DataFrame Head : 
    Unnamed: 0  carat      cut color clarity  depth  table     x     y     z  price
0       20807   1.52  Premium     E     SI2   62.0   62.0  7.20  7.13  4.44   8810
1       21354   0.40    Ideal     I     SI2   61.3   56.0  4.76  4.79  2.93    612
2        8426   2.17     Fair     G      I1   55.6   62.0  8.75  8.69  4.80   6817
3        6301   0.72    Ideal     H     VS1   62.3   56.0  5.73  5.77  3.58   2819
4       15144   0.31    Ideal     G    VVS1   61.6   55.0  4.38  4.42  2.71    789
[ 2023-09-03 07:46:50,755 ] 78 root - INFO - Test DataFrame Head : 
    Unnamed: 0  carat        cut color clarity  depth  table     x     y     z  price
0        6607   0.76      Ideal     J     SI1   61.9   53.0  5.85  5.92  3.64   1859
1        5541   0.55    Premium     G     SI1   61.3   59.0  5.23  5.28  3.22   1316
2        1506   0.40      Ideal     D    VVS2   61.4   56.0  4.75  4.80  2.93   1078
3       22576   0.56  Very Good     D     SI1   63.0   58.0  5.21  5.24  3.29   1746
4       22708   0.57    Premium     D     VS1   60.9   57.0  5.43  5.37  3.29   2093
[ 2023-09-03 07:46:50,755 ] 80 root - INFO - Obtaining preprocessor info
[ 2023-09-03 07:46:50,755 ] 37 root - INFO - Pipeline Initiated
[ 2023-09-03 07:46:50,756 ] 64 root - INFO - Pipeline Completed
[ 2023-09-03 07:46:50,828 ] 19 root - INFO - A pickled file has been created
[ 2023-09-03 07:46:50,829 ] 108 root - INFO - Pickle file saved
[ 2023-09-03 07:46:50,839 ] 36 root - INFO - Error happened at the evaluate_model function
